<?xml version="1.0" encoding="UTF-8"?>
<testng-results skipped="0" failed="0" ignored="0" total="1" passed="1">
  <reporter-output>
  </reporter-output>
  <suite name="Suite" duration-ms="22328" started-at="2018-04-30T17:51:50Z" finished-at="2018-04-30T17:52:13Z">
    <groups>
    </groups>
    <test name="Test" duration-ms="22328" started-at="2018-04-30T17:51:50Z" finished-at="2018-04-30T17:52:13Z">
      <class name="testcases.SeleniumTest">
        <test-method status="PASS" signature="setUp()[pri:0, instance:testcases.SeleniumTest@6cd8737]" name="setUp" is-config="true" duration-ms="5599" started-at="2018-04-30T23:21:50Z" finished-at="2018-04-30T23:21:56Z">
          <reporter-output>
          </reporter-output>
        </test-method> <!-- setUp -->
        <test-method status="PASS" signature="test001()[pri:0, instance:testcases.SeleniumTest@6cd8737]" name="test001" duration-ms="16684" started-at="2018-04-30T23:21:56Z" finished-at="2018-04-30T23:22:13Z">
          <reporter-output>
          </reporter-output>
        </test-method> <!-- test001 -->
      </class> <!-- testcases.SeleniumTest -->
    </test> <!-- Test -->
  </suite> <!-- Suite -->
</testng-results>
